2016-03-09 11:32:57,772 INFO - Executing Migration
2016-03-09 11:32:57,773 INFO - Fetching Connection list
2016-03-09 11:32:57,774 INFO - In Function get_headers
2016-03-09 11:32:57,774 INFO - Getting token for user: admin from url: http://10.8.20.51:5000/v2.0
2016-03-09 11:32:58,327 INFO - In function generic_request
2016-03-09 11:32:58,328 INFO - Post request_response ==<Response [200]> 
2016-03-09 11:32:58,328 INFO - Token Retrieved with value: 4ebd08cc8a3d4fd284eec01adb01d5bc
2016-03-09 11:32:58,767 INFO - Connection list {"l2_gateway_connections": [{"network_id": "5441755f-79a8-4408-b702-1d5f6971b4e7", "tenant_id": "a54d1a3b8ef048fda8af8167d5e5318b", "l2_gateway_id": "8807eb33-9fdf-47c8-9f06-628aed53777b", "id": "2985f5f5-70eb-4872-be18-c37ad5e8927c", "segmentation_id": ""}, {"network_id": "da0fc6a0-e237-419f-a131-2cd99c7c87c8", "tenant_id": "a54d1a3b8ef048fda8af8167d5e5318b", "l2_gateway_id": "842c9644-b217-4e21-b312-ee55a37a5aa7", "id": "b212cf0e-9ba4-4b39-8ae7-81c3e57b7fa6", "segmentation_id": ""}]}
2016-03-09 11:33:29,860 INFO - CSV file generated for connection list
2016-03-09 11:33:29,860 INFO - ##Datafile populated##
2016-03-09 11:33:29,861 INFO - ##Connected to database##
2016-03-09 11:33:30,044 INFO - Connecting to host with ip 10.8.20.51 
2016-03-09 11:33:30,045 INFO - Reading connection UUID from CSV file to be deleted
2016-03-09 11:33:30,045 INFO - Connection UUID to be deleted from database  2985f5f5-70eb-4872-be18-c37ad5e8927c 
2016-03-09 11:33:30,045 INFO - Query for deleting the data from l2gatewayconnections table  sudo mysql -e "delete from l2gatewayconnections where id = '2985f5f5-70eb-4872-be18-c37ad5e8927c'" -u neutron -p7342274ae48f99a6262b3653496a02ccb9398d07 ovs_neutron 
2016-03-09 11:33:30,077 INFO - Connection UUID to be deleted from database  b212cf0e-9ba4-4b39-8ae7-81c3e57b7fa6 
2016-03-09 11:33:30,079 INFO - Query for deleting the data from l2gatewayconnections table  sudo mysql -e "delete from l2gatewayconnections where id = 'b212cf0e-9ba4-4b39-8ae7-81c3e57b7fa6'" -u neutron -p7342274ae48f99a6262b3653496a02ccb9398d07 ovs_neutron 
2016-03-09 11:33:30,179 INFO - ##Deleting connection data from database##
2016-03-09 11:33:30,179 INFO - ##Creating Connection on destination##
2016-03-09 11:33:30,179 INFO - Content extracted from data file {'tennt_id': ['a54d1a3b8ef048fda8af8167d5e5318b', 'a54d1a3b8ef048fda8af8167d5e5318b'], 'gw_id': ['8807eb33-9fdf-47c8-9f06-628aed53777b', '842c9644-b217-4e21-b312-ee55a37a5aa7'], 'connection_id': ['2985f5f5-70eb-4872-be18-c37ad5e8927c', 'b212cf0e-9ba4-4b39-8ae7-81c3e57b7fa6'], 'seg_id': ['', ''], 'net_id': ['5441755f-79a8-4408-b702-1d5f6971b4e7', 'da0fc6a0-e237-419f-a131-2cd99c7c87c8']}
2016-03-09 11:36:51,851 INFO - Content extracted from data file {'tennt_id': ['a54d1a3b8ef048fda8af8167d5e5318b', 'tenant_id', 'a54d1a3b8ef048fda8af8167d5e5318b'], 'gw_id': ['8807eb33-9fdf-47c8-9f06-628aed53777b', 'l2_gateway_id', '842c9644-b217-4e21-b312-ee55a37a5aa7'], 'connection_id': ['2985f5f5-70eb-4872-be18-c37ad5e8927c', 'connection_id', 'b212cf0e-9ba4-4b39-8ae7-81c3e57b7fa6'], 'seg_id': ['', 'segmentation_id', ''], 'net_id': ['5441755f-79a8-4408-b702-1d5f6971b4e7', 'network_id', 'da0fc6a0-e237-419f-a131-2cd99c7c87c8']}
2016-03-09 11:36:54,328 INFO - Creating connection with command {"NeutronError": {"message": "The physical_switch data was not found in the server", "type": "OVSDBDataNotFound", "detail": ""}}
2016-03-09 11:36:54,328 INFO - connection created
2016-03-09 11:36:54,328 INFO - ##Connection created on destination##
2016-03-09 11:40:01,384 INFO - Content extracted from data file {'tennt_id': ['a54d1a3b8ef048fda8af8167d5e5318b', 'a54d1a3b8ef048fda8af8167d5e5318b', 'a54d1a3b8ef048fda8af8167d5e5318b'], 'gw_id': ['842c9644-b217-4e21-b312-ee55a37a5aa7', '842c9644-b217-4e21-b312-ee55a37a5aa7', '842c9644-b217-4e21-b312-ee55a37a5aa7'], 'connection_id': ['b212cf0e-9ba4-4b39-8ae7-81c3e57b7fa6', 'b212cf0e-9ba4-4b39-8ae7-81c3e57b7fa6', 'b212cf0e-9ba4-4b39-8ae7-81c3e57b7fa6'], 'seg_id': ['', '', ''], 'net_id': ['da0fc6a0-e237-419f-a131-2cd99c7c87c8', 'da0fc6a0-e237-419f-a131-2cd99c7c87c8', 'da0fc6a0-e237-419f-a131-2cd99c7c87c8']}
